#
# A fatal error has been detected by the Java Runtime Environment:
#
#  EXCEPTION_ACCESS_VIOLATION (0xc0000005) at pc=0x00007ffc6ce7862d, pid=11928, tid=0x00000000000020f4
#
# JRE version: Java(TM) SE Runtime Environment (8.0_121-b13) (build 1.8.0_121-b13)
# Java VM: Java HotSpot(TM) 64-Bit Server VM (25.121-b13 mixed mode windows-amd64 compressed oops)
# Problematic frame:
# C  [lwjgl_opengl.dll+0x862d]
#
# Failed to write core dump. Minidumps are not enabled by default on client versions of Windows
#
# If you would like to submit a bug report, please visit:
#   http://bugreport.java.com/bugreport/crash.jsp
# The crash happened outside the Java Virtual Machine in native code.
# See problematic frame for where to report the bug.
#

---------------  T H R E A D  ---------------

Current thread (0x0000000002215800):  JavaThread "main" [_thread_in_native, id=8436, stack(0x0000000002110000,0x0000000002210000)]

siginfo: ExceptionCode=0xc0000005, reading address 0x0000000000000f18

Registers:
RAX=0x000000006af7fd50, RBX=0x00000000143a2148, RCX=0x0000000000000001, RDX=0x0000000016a79dec
RSP=0x000000000220f1c8, RBP=0x000000000220f250, RSI=0x0000000000001320, RDI=0x0000000002317e70
R8 =0x0000000000000001, R9 =0x0000000016a79dec, R10=0x0000000000000000, R11=0x000000006aa0b820
R12=0x0000000000000000, R13=0x00000000143a2148, R14=0x000000000220f280, R15=0x0000000002215800
RIP=0x00007ffc6ce7862d, EFLAGS=0x0000000000010206

Top of Stack: (sp=0x000000000220f1c8)
0x000000000220f1c8:   0000000002327f74 0000000002317e70
0x000000000220f1d8:   0000000002327cdd 0000000002215800
0x000000000220f1e8:   00000000143a2148 0000000000001320
0x000000000220f1f8:   0000000002215800 000000000220f2f8
0x000000000220f208:   0000000002327ca2 000000000220f210
0x000000000220f218:   00000000143a2148 000000000220f280
0x000000000220f228:   00000000143aa938 0000000000000000
0x000000000220f238:   00000000143a2148 0000000000000000
0x000000000220f248:   000000000220f270 000000000220f2c8
0x000000000220f258:   000000000231835d 00000000eb2803c0
0x000000000220f268:   00000000023219d8 0000000016a79dec
0x000000000220f278:   00000000eb6e6d70 0000000000000001
0x000000000220f288:   000000000220f288 00000000143a229c
0x000000000220f298:   000000000220f2f8 00000000143aa938
0x000000000220f2a8:   0000000000000000 00000000143a2300
0x000000000220f2b8:   000000000220f270 000000000220f300 

Instructions: (pc=0x00007ffc6ce7862d)
0x00007ffc6ce7860d:   49 ff a2 f0 09 00 00 cc cc cc cc cc cc cc cc cc
0x00007ffc6ce7861d:   cc cc cc 48 8b 01 49 8b d1 41 8b c8 4c 8b 50 18
0x00007ffc6ce7862d:   49 ff a2 18 0f 00 00 cc cc cc cc cc cc cc cc cc
0x00007ffc6ce7863d:   cc cc cc 48 8b 01 48 8b 48 18 48 8b 81 c0 1b 00 


Register to memory mapping:

RAX=0x000000006af7fd50 is an unknown value
RBX={method} {0x00000000143a2150} 'nglGenVertexArrays' '(IJ)V' in 'org/lwjgl/opengl/GL30'
RCX=0x0000000000000001 is an unknown value
RDX=0x0000000016a79dec is an unknown value
RSP=0x000000000220f1c8 is pointing into the stack for thread: 0x0000000002215800
RBP=0x000000000220f250 is pointing into the stack for thread: 0x0000000002215800
RSI=0x0000000000001320 is an unknown value
RDI=0x0000000002317e70 is at code_begin+1040 in an Interpreter codelet
invoke return entry points  [0x0000000002317a60, 0x0000000002318440]  2528 bytes
R8 =0x0000000000000001 is an unknown value
R9 =0x0000000016a79dec is an unknown value
R10=0x0000000000000000 is an unknown value
R11=0x000000006aa0b820 is an unknown value
R12=0x0000000000000000 is an unknown value
R13={method} {0x00000000143a2150} 'nglGenVertexArrays' '(IJ)V' in 'org/lwjgl/opengl/GL30'
R14=0x000000000220f280 is pointing into the stack for thread: 0x0000000002215800
R15=0x0000000002215800 is a thread


Stack: [0x0000000002110000,0x0000000002210000],  sp=0x000000000220f1c8,  free space=1020k
Native frames: (J=compiled Java code, j=interpreted, Vv=VM code, C=native code)
C  [lwjgl_opengl.dll+0x862d]

Java frames: (J=compiled Java code, j=interpreted, Vv=VM code)
j  org.lwjgl.opengl.GL30.nglGenVertexArrays(IJ)V+0
j  org.lwjgl.opengl.GL30.glGenVertexArrays()I+20
j  c2g2.engine.graph.Mesh.setMesh([F[F[F[I)V+114
j  c2g2.engine.graph.Mesh.<init>([F[F[F[I)V+10
j  c2g2.engine.graph.Mesh.<init>()V+475
j  c2g2.geometry.HalfEdgeMesh.main([Ljava/lang/String;)V+12
v  ~StubRoutines::call_stub

---------------  P R O C E S S  ---------------

Java Threads: ( => current thread )
  0x00000000161ab800 JavaThread "Service Thread" daemon [_thread_blocked, id=10188, stack(0x0000000016670000,0x0000000016770000)]
  0x0000000016178800 JavaThread "C1 CompilerThread2" daemon [_thread_blocked, id=6508, stack(0x0000000016570000,0x0000000016670000)]
  0x000000001493c800 JavaThread "C2 CompilerThread1" daemon [_thread_blocked, id=6036, stack(0x0000000016070000,0x0000000016170000)]
  0x0000000014932800 JavaThread "C2 CompilerThread0" daemon [_thread_blocked, id=12608, stack(0x0000000015f70000,0x0000000016070000)]
  0x0000000014930800 JavaThread "Attach Listener" daemon [_thread_blocked, id=12892, stack(0x0000000015e70000,0x0000000015f70000)]
  0x0000000014930000 JavaThread "Signal Dispatcher" daemon [_thread_blocked, id=5524, stack(0x0000000015d70000,0x0000000015e70000)]
  0x000000001491c800 JavaThread "Finalizer" daemon [_thread_blocked, id=200, stack(0x0000000015b80000,0x0000000015c80000)]
  0x0000000002304800 JavaThread "Reference Handler" daemon [_thread_blocked, id=3216, stack(0x0000000015a80000,0x0000000015b80000)]
=>0x0000000002215800 JavaThread "main" [_thread_in_native, id=8436, stack(0x0000000002110000,0x0000000002210000)]

Other Threads:
  0x00000000148f8800 VMThread [stack: 0x0000000015980000,0x0000000015a80000] [id=5980]
  0x00000000161b1800 WatcherThread [stack: 0x0000000016770000,0x0000000016870000] [id=10888]

VM state:not at safepoint (normal execution)

VM Mutex/Monitor currently owned by a thread: None

Heap:
 PSYoungGen      total 18944K, used 6246K [0x00000000eb100000, 0x00000000ec600000, 0x0000000100000000)
  eden space 16384K, 38% used [0x00000000eb100000,0x00000000eb719b68,0x00000000ec100000)
  from space 2560K, 0% used [0x00000000ec380000,0x00000000ec380000,0x00000000ec600000)
  to   space 2560K, 0% used [0x00000000ec100000,0x00000000ec100000,0x00000000ec380000)
 ParOldGen       total 44032K, used 0K [0x00000000c1200000, 0x00000000c3d00000, 0x00000000eb100000)
  object space 44032K, 0% used [0x00000000c1200000,0x00000000c1200000,0x00000000c3d00000)
 Metaspace       used 5031K, capacity 5208K, committed 5248K, reserved 1056768K
  class space    used 569K, capacity 634K, committed 640K, reserved 1048576K

Card table byte_map: [0x00000000116d0000,0x00000000118d0000] byte_map_base: 0x00000000110c7000

Marking Bits: (ParMarkBitMap*) 0x000000006affb6d0
 Begin Bits: [0x0000000011e20000, 0x0000000012dd8000)
 End Bits:   [0x0000000012dd8000, 0x0000000013d90000)

Polling page: 0x00000000001f0000

CodeCache: size=245760Kb used=1982Kb max_used=1982Kb free=243777Kb
 bounds [0x0000000002310000, 0x0000000002580000, 0x0000000011310000]
 total_blobs=734 nmethods=409 adapters=238
 compilation: enabled

Compilation events (10 events):
Event: 0.325 Thread 0x0000000016178800  398       1       java.util.zip.ZipFile::access$300 (5 bytes)
Event: 0.325 Thread 0x0000000016178800 nmethod 398 0x00000000024f1ed0 code [0x00000000024f2020, 0x00000000024f2110]
Event: 0.327 Thread 0x0000000016178800  399       3       java.lang.String::regionMatches (149 bytes)
Event: 0.327 Thread 0x000000001493c800  400       4       java.lang.String::indexOf (166 bytes)
Event: 0.328 Thread 0x0000000016178800 nmethod 399 0x00000000024f2190 code [0x00000000024f23e0, 0x00000000024f3098]
Event: 0.328 Thread 0x0000000014932800  401       4       java.lang.String::<init> (82 bytes)
Event: 0.332 Thread 0x0000000014932800 nmethod 401 0x00000000024f6950 code [0x00000000024f6aa0, 0x00000000024f6dd8]
Event: 0.334 Thread 0x0000000016178800  402   !   3       java.net.URL::<init> (543 bytes)
Event: 0.335 Thread 0x0000000014932800  408       4       java.lang.String::startsWith (72 bytes)
Event: 0.335 Thread 0x000000001493c800 nmethod 400 0x00000000024f4750 code [0x00000000024f48a0, 0x00000000024f4db8]

GC Heap History (0 events):
No events

Deoptimization events (1 events):
Event: 0.151 Thread 0x0000000002215800 Uncommon trap: reason=unstable_if action=reinterpret pc=0x000000000242b064 method=java.lang.String.hashCode()I @ 14

Internal exceptions (10 events):
Event: 0.186 Thread 0x0000000002215800 Exception <a 'java/security/PrivilegedActionException'> (0x00000000eb35eb48) thrown at [C:\re\workspace\8-2-build-windows-amd64-cygwin\jdk8u121\8372\hotspot\src\share\vm\prims\jvm.cpp, line 1390]
Event: 0.186 Thread 0x0000000002215800 Exception <a 'java/security/PrivilegedActionException'> (0x00000000eb35ed58) thrown at [C:\re\workspace\8-2-build-windows-amd64-cygwin\jdk8u121\8372\hotspot\src\share\vm\prims\jvm.cpp, line 1390]
Event: 0.246 Thread 0x0000000002215800 Exception <a 'java/lang/NoSuchFieldError': method resolution failed> (0x00000000eb4d0f18) thrown at [C:\re\workspace\8-2-build-windows-amd64-cygwin\jdk8u121\8372\hotspot\src\share\vm\prims\methodHandles.cpp, line 1146]
Event: 0.248 Thread 0x0000000002215800 Exception <a 'java/lang/NoSuchFieldError': method resolution failed> (0x00000000eb4de650) thrown at [C:\re\workspace\8-2-build-windows-amd64-cygwin\jdk8u121\8372\hotspot\src\share\vm\prims\methodHandles.cpp, line 1146]
Event: 0.313 Thread 0x0000000002215800 Exception <a 'sun/nio/fs/WindowsException'> (0x00000000eb650830) thrown at [C:\re\workspace\8-2-build-windows-amd64-cygwin\jdk8u121\8372\hotspot\src\share\vm\prims\jni.cpp, line 709]
Event: 0.314 Thread 0x0000000002215800 Exception <a 'sun/nio/fs/WindowsException'> (0x00000000eb651018) thrown at [C:\re\workspace\8-2-build-windows-amd64-cygwin\jdk8u121\8372\hotspot\src\share\vm\prims\jni.cpp, line 709]
Event: 0.315 Thread 0x0000000002215800 Exception <a 'sun/nio/fs/WindowsException'> (0x00000000eb653c20) thrown at [C:\re\workspace\8-2-build-windows-amd64-cygwin\jdk8u121\8372\hotspot\src\share\vm\prims\jni.cpp, line 709]
Event: 0.315 Thread 0x0000000002215800 Exception <a 'sun/nio/fs/WindowsException'> (0x00000000eb654148) thrown at [C:\re\workspace\8-2-build-windows-amd64-cygwin\jdk8u121\8372\hotspot\src\share\vm\prims\jni.cpp, line 709]
Event: 0.315 Thread 0x0000000002215800 Exception <a 'sun/nio/fs/WindowsException'> (0x00000000eb654b20) thrown at [C:\re\workspace\8-2-build-windows-amd64-cygwin\jdk8u121\8372\hotspot\src\share\vm\prims\jni.cpp, line 709]
Event: 0.315 Thread 0x0000000002215800 Exception <a 'sun/nio/fs/WindowsException'> (0x00000000eb654fb0) thrown at [C:\re\workspace\8-2-build-windows-amd64-cygwin\jdk8u121\8372\hotspot\src\share\vm\prims\jni.cpp, line 709]

Events (10 events):
Event: 0.331 loading class sun/reflect/UnsafeQualifiedStaticFieldAccessorImpl done
Event: 0.331 loading class sun/reflect/UnsafeQualifiedStaticObjectFieldAccessorImpl done
Event: 0.332 loading class org/lwjgl/system/windows/WinBase
Event: 0.332 loading class org/lwjgl/system/windows/WinBase done
Event: 0.335 loading class org/lwjgl/opengl/GL$1
Event: 0.335 loading class org/lwjgl/opengl/GL$1 done
Event: 0.335 loading class org/lwjgl/opengl/GL$SharedLibraryGL
Event: 0.335 loading class org/lwjgl/opengl/GL$SharedLibraryGL done
Event: 0.335 loading class org/lwjgl/system/SharedLibrary$Delegate
Event: 0.335 loading class org/lwjgl/system/SharedLibrary$Delegate done


Dynamic libraries:
0x00007ff7e24b0000 - 0x00007ff7e24e7000 	C:\Program Files\Java\jre1.8.0_121\bin\javaw.exe
0x00007ffc7a030000 - 0x00007ffc7a201000 	C:\WINDOWS\SYSTEM32\ntdll.dll
0x00007ffc780b0000 - 0x00007ffc7815b000 	C:\WINDOWS\System32\KERNEL32.DLL
0x00007ffc766d0000 - 0x00007ffc768ed000 	C:\WINDOWS\System32\KERNELBASE.dll
0x00007ffc77660000 - 0x00007ffc77702000 	C:\WINDOWS\System32\ADVAPI32.dll
0x00007ffc78350000 - 0x00007ffc783ee000 	C:\WINDOWS\System32\msvcrt.dll
0x00007ffc781f0000 - 0x00007ffc78249000 	C:\WINDOWS\System32\sechost.dll
0x00007ffc778e0000 - 0x00007ffc77a01000 	C:\WINDOWS\System32\RPCRT4.dll
0x00007ffc77f20000 - 0x00007ffc78085000 	C:\WINDOWS\System32\USER32.dll
0x00007ffc76e70000 - 0x00007ffc76e8e000 	C:\WINDOWS\System32\win32u.dll
0x00007ffc775c0000 - 0x00007ffc775f4000 	C:\WINDOWS\System32\GDI32.dll
0x00007ffc76c70000 - 0x00007ffc76df2000 	C:\WINDOWS\System32\gdi32full.dll
0x00007ffc5acd0000 - 0x00007ffc5af4a000 	C:\WINDOWS\WinSxS\amd64_microsoft.windows.common-controls_6595b64144ccf1df_6.0.14393.953_none_42151e83c686086b\COMCTL32.dll
0x00007ffc783f0000 - 0x00007ffc786b8000 	C:\WINDOWS\System32\combase.dll
0x00007ffc768f0000 - 0x00007ffc769e5000 	C:\WINDOWS\System32\ucrtbase.dll
0x00007ffc76e00000 - 0x00007ffc76e6a000 	C:\WINDOWS\System32\bcryptPrimitives.dll
0x00007ffc7a000000 - 0x00007ffc7a02e000 	C:\WINDOWS\System32\IMM32.DLL
0x000000006b330000 - 0x000000006b402000 	C:\Program Files\Java\jre1.8.0_121\bin\msvcr100.dll
0x000000006a7e0000 - 0x000000006b07b000 	C:\Program Files\Java\jre1.8.0_121\bin\server\jvm.dll
0x00007ffc781d0000 - 0x00007ffc781d8000 	C:\WINDOWS\System32\PSAPI.DLL
0x00007ffc61b90000 - 0x00007ffc61b99000 	C:\WINDOWS\SYSTEM32\WSOCK32.dll
0x00007ffc78160000 - 0x00007ffc781ca000 	C:\WINDOWS\System32\WS2_32.dll
0x00007ffc73d50000 - 0x00007ffc73d73000 	C:\WINDOWS\SYSTEM32\WINMM.dll
0x00007ffc69070000 - 0x00007ffc6907a000 	C:\WINDOWS\SYSTEM32\VERSION.dll
0x00007ffc73cf0000 - 0x00007ffc73d1b000 	C:\WINDOWS\SYSTEM32\WINMMBASE.dll
0x00007ffc77570000 - 0x00007ffc775b2000 	C:\WINDOWS\System32\cfgmgr32.dll
0x000000006a6f0000 - 0x000000006a6ff000 	C:\Program Files\Java\jre1.8.0_121\bin\verify.dll
0x000000006a6c0000 - 0x000000006a6e9000 	C:\Program Files\Java\jre1.8.0_121\bin\java.dll
0x000000006a6a0000 - 0x000000006a6b6000 	C:\Program Files\Java\jre1.8.0_121\bin\zip.dll
0x00007ffc78af0000 - 0x00007ffc79ff8000 	C:\WINDOWS\System32\SHELL32.dll
0x00007ffc76e90000 - 0x00007ffc7756a000 	C:\WINDOWS\System32\windows.storage.dll
0x00007ffc764a0000 - 0x00007ffc764ec000 	C:\WINDOWS\System32\powrprof.dll
0x00007ffc77720000 - 0x00007ffc77772000 	C:\WINDOWS\System32\shlwapi.dll
0x00007ffc76510000 - 0x00007ffc7651f000 	C:\WINDOWS\System32\kernel.appcore.dll
0x00007ffc76620000 - 0x00007ffc766c9000 	C:\WINDOWS\System32\shcore.dll
0x00007ffc764f0000 - 0x00007ffc76504000 	C:\WINDOWS\System32\profapi.dll
0x000000006a680000 - 0x000000006a69a000 	C:\Program Files\Java\jre1.8.0_121\bin\net.dll
0x00007ffc75dc0000 - 0x00007ffc75e1c000 	C:\WINDOWS\system32\mswsock.dll
0x000000006a660000 - 0x000000006a671000 	C:\Program Files\Java\jre1.8.0_121\bin\nio.dll
0x00007ffc6ced0000 - 0x00007ffc6cf27000 	C:\Users\xz258\AppData\Local\Temp\lwjglxz258\3.1.1-build-16\lwjgl.dll
0x00007ffc75f80000 - 0x00007ffc75f8b000 	C:\WINDOWS\SYSTEM32\CRYPTBASE.DLL
0x00007ffc6ce70000 - 0x00007ffc6cecf000 	C:\Users\xz258\AppData\Local\Temp\lwjglxz258\3.1.1-build-16\lwjgl_opengl.dll
0x00007ffc42cc0000 - 0x00007ffc42de3000 	C:\WINDOWS\system32\opengl32.dll
0x00007ffc43110000 - 0x00007ffc43207000 	C:\WINDOWS\SYSTEM32\DDRAW.dll
0x00007ffc6dcb0000 - 0x00007ffc6dcdd000 	C:\WINDOWS\SYSTEM32\GLU32.dll
0x00007ffc73ce0000 - 0x00007ffc73ce8000 	C:\WINDOWS\SYSTEM32\DCIMAN32.dll
0x00007ffc72f70000 - 0x00007ffc73102000 	C:\WINDOWS\SYSTEM32\dbghelp.dll

VM Arguments:
jvm_args: -Dfile.encoding=Cp1252 
java_command: c2g2.geometry.HalfEdgeMesh
java_class_path (initial): C:\Users\xz258\OneDrive\academic\spring2017\Computer Graphics\hw\project 4\graphics_hw4\hw4\bin;C:\Users\xz258\OneDrive\academic\spring2017\Computer Graphics\hw\project 4\graphics_hw4\hw4\lib\joml-1.9.2.jar;C:\Users\xz258\OneDrive\academic\spring2017\Computer Graphics\hw\project 4\graphics_hw4\hw4\lib\pngj-2.1.1.jar;C:\Users\xz258\OneDrive\academic\spring2017\Computer Graphics\hw\project 4\graphics_hw4\hw4\lib\lwjgl-opengl-javadoc.jar;C:\Users\xz258\OneDrive\academic\spring2017\Computer Graphics\hw\project 4\graphics_hw4\hw4\lib\lwjgl-opengl-natives-windows.jar;C:\Users\xz258\OneDrive\academic\spring2017\Computer Graphics\hw\project 4\graphics_hw4\hw4\lib\lwjgl-opengl-sources.jar;C:\Users\xz258\OneDrive\academic\spring2017\Computer Graphics\hw\project 4\graphics_hw4\hw4\lib\lwjgl-opengl.jar;C:\Users\xz258\OneDrive\academic\spring2017\Computer Graphics\hw\project 4\graphics_hw4\hw4\lib\lwjgl-opengles-javadoc.jar;C:\Users\xz258\OneDrive\academic\spring2017\Computer Graphics\hw\project 4\graphics_hw4\hw4\lib\lwjgl-opengles-natives-windows.jar;C:\Users\xz258\OneDrive\academic\spring2017\Computer Graphics\hw\project 4\graphics_hw4\hw4\lib\lwjgl-opengles-sources.jar;C:\Users\xz258\OneDrive\academic\spring2017\Computer Graphics\hw\project 4\graphics_hw4\hw4\lib\lwjgl-opengles.jar;C:\Users\xz258\OneDrive\academic\spring2017\Computer Graphics\hw\project 4\graphics_hw4\hw4\lib\lwjgl.jar;C:\Users\xz258\OneDrive\academic\spring2017\Computer Graphics\hw\project 4\graphics_hw4\hw4\lib\lwjgl-assimp-javadoc.jar;C:\Users\xz258\OneDrive\academic\spring2017\Computer Graphics\hw\project 4\graphics_hw4\hw4\lib\lwjgl-assimp-natives-windows.jar;C:\Users\xz258\OneDrive\academic\spring2017\Computer Graphics\hw\project 4\graphics_hw4\hw4\lib\lwjgl-assimp-sources.jar;C:\Users\xz258\OneDrive\academic\spring2017\Computer Graphics\hw\project 4\graphics_hw4\hw4\lib\lwjgl-assimp.jar;C:\Users\xz258\OneDrive\academic\spring2017\Computer Graphics\hw\project 4\graphics_hw4
Launcher Type: SUN_STANDARD

Environment Variables:
PATH=C:/Program Files/Java/jre1.8.0_121/bin/server;C:/Program Files/Java/jre1.8.0_121/bin;C:/Program Files/Java/jre1.8.0_121/lib/amd64;C:\ProgramData\Oracle\Java\javapath;c:\Program Files\Java\jdk1.8.0_101\bin;C:\WINDOWS\system32;C:\WINDOWS;C:\WINDOWS\System32\Wbem;C:\WINDOWS\System32\WindowsPowerShell\v1.0\;C:\Program Files\MiKTeX 2.9\miktex\bin\x64\;C:\Program Files (x86)\MiKTeX 2.9\miktex\bin\;C:\Program Files (x86)\PharosSystems\Core;C:\Program Files (x86)\GtkSharp\2.12\bin;C:\WINDOWS\system32\config\systemprofile\.dnx\bin;C:\Program Files\Microsoft DNX\Dnvm\;C:\Program Files\Microsoft SQL Server\130\Tools\Binn\;C:\Program Files (x86)\Windows Kits\8.1\Windows Performance Toolkit\;C:\Program Files (x86)\LyX 2.2\Perl\bin;C:\Program Files (x86)\Skype\Phone\;C:\ProgramData\Oracle\Java\javapath;c:\Program Files\Java\jdk1.8.0_101\bin;C:\WINDOWS\system32;C:\WINDOWS;C:\WINDOWS\System32\Wbem;C:\WINDOWS\System32\WindowsPowerShell\v1.0\;C:\Program Files (x86)\MiKTeX 2.9\miktex\bin\;C:\Program Files (x86)\Skype\Phone\;C:\Program Files (x86)\PharosSystems\Core;C:\Program Files (x86)\GtkSharp\2.12\bin;C:\WINDOWS\system32\config\systemprofile\.dnx\bin;C:\Program Files\Microsoft DNX\Dnvm\;C:\Program Files\Microsoft SQL Server\130\Tools\Binn\;C:\Program Files (x86)\Windows Kits\8.1\Windows Performance Toolkit\;C:\Users\xz258\AppData\Local\Microsoft\WindowsApps;;C:\Python27\Scripts;C:\Program Files\Heroku\bin;C:\Users\xz258\Desktop;
USERNAME=xz258
OS=Windows_NT
PROCESSOR_IDENTIFIER=Intel64 Family 6 Model 78 Stepping 3, GenuineIntel



---------------  S Y S T E M  ---------------

OS: Windows 10.0 , 64 bit Build 14393 (10.0.14393.0)

CPU:total 4 (2 cores per cpu, 2 threads per core) family 6 model 78 stepping 3, cmov, cx8, fxsr, mmx, sse, sse2, sse3, ssse3, sse4.1, sse4.2, popcnt, avx, avx2, aes, clmul, erms, rtm, 3dnowpref, lzcnt, ht, tsc, tscinvbit, bmi1, bmi2, adx

Memory: 4k page, physical 4118656k(875776k free), swap 11982976k(6917604k free)

vm_info: Java HotSpot(TM) 64-Bit Server VM (25.121-b13) for windows-amd64 JRE (1.8.0_121-b13), built on Dec 12 2016 18:21:36 by "java_re" with MS VC++ 10.0 (VS2010)

time: Thu Apr 13 13:40:25 2017
elapsed time: 0 seconds (0d 0h 0m 0s)

